<?xml version="1.0" encoding="UTF-8"?>
<testsuite name="com.nyabuti.dennis.springboot.mongodb.controller.AuthorControllerTest" tests="6" skipped="0" failures="0" errors="0" timestamp="2018-09-07T02:45:08" hostname="dennis-mac" time="0.516">
  <properties/>
  <testcase name="getAuthorByIdTest" classname="com.nyabuti.dennis.springboot.mongodb.controller.AuthorControllerTest" time="0.317"/>
  <testcase name="removeAuthorTest" classname="com.nyabuti.dennis.springboot.mongodb.controller.AuthorControllerTest" time="0.028"/>
  <testcase name="getAllAuthorsTest" classname="com.nyabuti.dennis.springboot.mongodb.controller.AuthorControllerTest" time="0.021"/>
  <testcase name="createAuthorTest" classname="com.nyabuti.dennis.springboot.mongodb.controller.AuthorControllerTest" time="0.108"/>
  <testcase name="fetchBooksByAuthor" classname="com.nyabuti.dennis.springboot.mongodb.controller.AuthorControllerTest" time="0.028"/>
  <testcase name="updateAuthorTest" classname="com.nyabuti.dennis.springboot.mongodb.controller.AuthorControllerTest" time="0.004"/>
  <system-out><![CDATA[21:45:04.145 [Test worker] DEBUG org.springframework.test.context.junit4.SpringJUnit4ClassRunner - SpringJUnit4ClassRunner constructor called with [class com.nyabuti.dennis.springboot.mongodb.controller.AuthorControllerTest]
21:45:04.153 [Test worker] DEBUG org.springframework.test.context.BootstrapUtils - Instantiating CacheAwareContextLoaderDelegate from class [org.springframework.test.context.cache.DefaultCacheAwareContextLoaderDelegate]
21:45:04.160 [Test worker] DEBUG org.springframework.test.context.BootstrapUtils - Instantiating BootstrapContext using constructor [public org.springframework.test.context.support.DefaultBootstrapContext(java.lang.Class,org.springframework.test.context.CacheAwareContextLoaderDelegate)]
21:45:04.188 [Test worker] DEBUG org.springframework.test.context.BootstrapUtils - Instantiating TestContextBootstrapper for test class [com.nyabuti.dennis.springboot.mongodb.controller.AuthorControllerTest] from class [org.springframework.boot.test.autoconfigure.web.servlet.WebMvcTestContextBootstrapper]
21:45:04.213 [Test worker] INFO org.springframework.boot.test.autoconfigure.web.servlet.WebMvcTestContextBootstrapper - Neither @ContextConfiguration nor @ContextHierarchy found for test class [com.nyabuti.dennis.springboot.mongodb.controller.AuthorControllerTest], using SpringBootContextLoader
21:45:04.219 [Test worker] DEBUG org.springframework.test.context.support.AbstractContextLoader - Did not detect default resource location for test class [com.nyabuti.dennis.springboot.mongodb.controller.AuthorControllerTest]: class path resource [com/nyabuti/dennis/springboot/mongodb/controller/AuthorControllerTest-context.xml] does not exist
21:45:04.221 [Test worker] DEBUG org.springframework.test.context.support.AbstractContextLoader - Did not detect default resource location for test class [com.nyabuti.dennis.springboot.mongodb.controller.AuthorControllerTest]: class path resource [com/nyabuti/dennis/springboot/mongodb/controller/AuthorControllerTestContext.groovy] does not exist
21:45:04.222 [Test worker] INFO org.springframework.test.context.support.AbstractContextLoader - Could not detect default resource locations for test class [com.nyabuti.dennis.springboot.mongodb.controller.AuthorControllerTest]: no resource found for suffixes {-context.xml, Context.groovy}.
21:45:04.224 [Test worker] INFO org.springframework.test.context.support.AnnotationConfigContextLoaderUtils - Could not detect default configuration classes for test class [com.nyabuti.dennis.springboot.mongodb.controller.AuthorControllerTest]: AuthorControllerTest does not declare any static, non-private, non-final, nested classes annotated with @Configuration.
21:45:04.326 [Test worker] DEBUG org.springframework.test.context.support.ActiveProfilesUtils - Could not find an 'annotation declaring class' for annotation type [org.springframework.test.context.ActiveProfiles] and class [com.nyabuti.dennis.springboot.mongodb.controller.AuthorControllerTest]
21:45:04.335 [Test worker] DEBUG org.springframework.core.env.StandardEnvironment - Adding PropertySource 'systemProperties' with lowest search precedence
21:45:04.335 [Test worker] DEBUG org.springframework.core.env.StandardEnvironment - Adding PropertySource 'systemEnvironment' with lowest search precedence
21:45:04.338 [Test worker] DEBUG org.springframework.core.env.StandardEnvironment - Initialized StandardEnvironment with PropertySources [MapPropertySource@1754957676 {name='systemProperties', properties={java.runtime.name=Java(TM) SE Runtime Environment, sun.boot.library.path=/Library/Java/JavaVirtualMachines/jdk1.8.0_121.jdk/Contents/Home/jre/lib, java.vm.version=25.121-b13, gopherProxySet=false, java.vm.vendor=Oracle Corporation, java.vendor.url=http://java.oracle.com/, path.separator=:, java.vm.name=Java HotSpot(TM) 64-Bit Server VM, file.encoding.pkg=sun.io, sun.java.launcher=SUN_STANDARD, user.country=US, sun.os.patch.level=unknown, java.vm.specification.name=Java Virtual Machine Specification, user.dir=/Users/Dennis.Nyabuti/git/springboot-mongodb-rest-api, java.runtime.version=1.8.0_121-b13, java.awt.graphicsenv=sun.awt.CGraphicsEnvironment, java.endorsed.dirs=/Library/Java/JavaVirtualMachines/jdk1.8.0_121.jdk/Contents/Home/jre/lib/endorsed, os.arch=x86_64, java.io.tmpdir=/var/folders/xl/t4tcd6_j059gl_prdcgfprbh0000gs/T/, line.separator=
, java.vm.specification.vendor=Oracle Corporation, user.variant=, os.name=Mac OS X, sun.jnu.encoding=UTF-8, java.library.path=/Users/Dennis.Nyabuti/Library/Java/Extensions:/Library/Java/Extensions:/Network/Library/Java/Extensions:/System/Library/Java/Extensions:/usr/lib/java:., java.specification.name=Java Platform API Specification, java.class.version=52.0, org.gradle.native=false, sun.management.compiler=HotSpot 64-Bit Tiered Compilers, os.version=10.13.6, http.nonProxyHosts=local|*.local|169.254/16|*.169.254/16, user.home=/Users/Dennis.Nyabuti, user.timezone=America/Chicago, java.awt.printerjob=sun.lwawt.macosx.CPrinterJob, file.encoding=UTF-8, java.specification.version=1.8, java.class.path=/Users/Dennis.Nyabuti/git/springboot-mongodb-rest-api/build/classes/java/test:/Users/Dennis.Nyabuti/git/springboot-mongodb-rest-api/build/resources/test:/Users/Dennis.Nyabuti/git/springboot-mongodb-rest-api/build/classes/java/main:/Users/Dennis.Nyabuti/git/springboot-mongodb-rest-api/build/resources/main:/Users/Dennis.Nyabuti/.gradle/caches/modules-2/files-2.1/org.json/json/20171018/36ced462c97f0845b4a7b266a25cebe95d18baa3/json-20171018.jar:/Users/Dennis.Nyabuti/.gradle/caches/modules-2/files-2.1/org.springframework.boot/spring-boot-starter-data-rest/2.0.3.RELEASE/ab704767bbc2a61e812f5b72f66fb0eff0721633/spring-boot-starter-data-rest-2.0.3.RELEASE.jar:/Users/Dennis.Nyabuti/.gradle/caches/modules-2/files-2.1/org.springframework.boot/spring-boot-starter-data-mongodb/2.0.3.RELEASE/bf51859e2f6c12485b5f215b240ed4038824f87e/spring-boot-starter-data-mongodb-2.0.3.RELEASE.jar:/Users/Dennis.Nyabuti/.gradle/caches/modules-2/files-2.1/io.springfox/springfox-swagger-ui/2.9.2/d542382a88ff3ea8d4032c28b2b0325797fada7d/springfox-swagger-ui-2.9.2.jar:/Users/Dennis.Nyabuti/.gradle/caches/modules-2/files-2.1/io.springfox/springfox-swagger2/2.9.2/362676bc7f4c6f9f1d568741becab0dfc198c898/springfox-swagger2-2.9.2.jar:/Users/Dennis.Nyabuti/.gradle/caches/modules-2/files-2.1/org.springframework.boot/spring-boot-starter-test/2.0.3.RELEASE/1c624b1cc217bac010abce7a28df8169af4a7fa0/spring-boot-starter-test-2.0.3.RELEASE.jar:/Users/Dennis.Nyabuti/.gradle/caches/modules-2/files-2.1/junit/junit/4.12/2973d150c0dc1fefe998f834810d68f278ea58ec/junit-4.12.jar:/Users/Dennis.Nyabuti/.gradle/caches/modules-2/files-2.1/org.springframework.boot/spring-boot-starter-web/2.0.3.RELEASE/41fd4180bea3813de8f3c602b5a126218360315b/spring-boot-starter-web-2.0.3.RELEASE.jar:/Users/Dennis.Nyabuti/.gradle/caches/modules-2/files-2.1/org.springframework.boot/spring-boot-starter-json/2.0.3.RELEASE/2e389a8727588c549c28bb277f0f573f65554850/spring-boot-starter-json-2.0.3.RELEASE.jar:/Users/Dennis.Nyabuti/.gradle/caches/modules-2/files-2.1/org.springframework.boot/spring-boot-starter/2.0.3.RELEASE/ffaa050dbd36b0441645598f1a7ddaf67fd5e678/spring-boot-starter-2.0.3.RELEASE.jar:/Users/Dennis.Nyabuti/.gradle/caches/modules-2/files-2.1/org.springframework.data/spring-data-rest-webmvc/3.0.8.RELEASE/ae8cff5d1d7d2c072a30d4cec48933a1d981ec4/spring-data-rest-webmvc-3.0.8.RELEASE.jar:/Users/Dennis.Nyabuti/.gradle/caches/modules-2/files-2.1/org.mongodb/mongodb-driver/3.6.4/4ddaa4520e9b3a9255ae138f782d73432be6787d/mongodb-driver-3.6.4.jar:/Users/Dennis.Nyabuti/.gradle/caches/modules-2/files-2.1/org.springframework.data/spring-data-mongodb/2.0.8.RELEASE/8d5235c223a51574b6633edfad8345c7e2681858/spring-data-mongodb-2.0.8.RELEASE.jar:/Users/Dennis.Nyabuti/.gradle/caches/modules-2/files-2.1/io.springfox/springfox-swagger-common/2.9.2/b38a41b3044af80cb7f41f67be5d158c9f6491ec/springfox-swagger-common-2.9.2.jar:/Users/Dennis.Nyabuti/.gradle/caches/modules-2/files-2.1/io.springfox/springfox-spring-web/2.9.2/ed2ed714a6cba8804d00f80f0534901e4c7a3211/springfox-spring-web-2.9.2.jar:/Users/Dennis.Nyabuti/.gradle/caches/modules-2/files-2.1/io.swagger/swagger-models/1.5.20/fb3a23bad80c5ed84db9dd150db2cba699531458/swagger-models-1.5.20.jar:/Users/Dennis.Nyabuti/.gradle/caches/modules-2/files-2.1/io.swagger/swagger-annotations/1.5.20/16051f93ce11ca489a5313775d825f82fcc2cd6c/swagger-annotations-1.5.20.jar:/Users/Dennis.Nyabuti/.gradle/caches/modules-2/files-2.1/io.springfox/springfox-schema/2.9.2/e268f38774b16bb51a92ccaef0dcf3dc651c0cee/springfox-schema-2.9.2.jar:/Users/Dennis.Nyabuti/.gradle/caches/modules-2/files-2.1/io.springfox/springfox-spi/2.9.2/6ac686190a6ceaccdae8b50d03b0501d144a6666/springfox-spi-2.9.2.jar:/Users/Dennis.Nyabuti/.gradle/caches/modules-2/files-2.1/io.springfox/springfox-core/2.9.2/2e26f58939c594fb5c958c3a1c7bedf83d2f2702/springfox-core-2.9.2.jar:/Users/Dennis.Nyabuti/.gradle/caches/modules-2/files-2.1/com.google.guava/guava/20.0/89507701249388e1ed5ddcf8c41f4ce1be7831ef/guava-20.0.jar:/Users/Dennis.Nyabuti/.gradle/caches/modules-2/files-2.1/org.hibernate.validator/hibernate-validator/6.0.10.Final/4236051a8d209c00f85e70918d5e26d9f3e5201e/hibernate-validator-6.0.10.Final.jar:/Users/Dennis.Nyabuti/.gradle/caches/modules-2/files-2.1/com.fasterxml/classmate/1.3.4/3d5f48f10bbe4eb7bd862f10c0583be2e0053c6/classmate-1.3.4.jar:/Users/Dennis.Nyabuti/.gradle/caches/modules-2/files-2.1/org.springframework.plugin/spring-plugin-metadata/1.2.0.RELEASE/97223fc496b6cab31602eedbd4202aa4fff0d44f/spring-plugin-metadata-1.2.0.RELEASE.jar:/Users/Dennis.Nyabuti/.gradle/caches/modules-2/files-2.1/org.springframework.data/spring-data-rest-core/3.0.8.RELEASE/375f02813398ee9dbd575e5c7ae6cc6119c38ed1/spring-data-rest-core-3.0.8.RELEASE.jar:/Users/Dennis.Nyabuti/.gradle/caches/modules-2/files-2.1/org.springframework.plugin/spring-plugin-core/1.2.0.RELEASE/f380e7760032e7d929184f8ad8a33716b75c0657/spring-plugin-core-1.2.0.RELEASE.jar:/Users/Dennis.Nyabuti/.gradle/caches/modules-2/files-2.1/com.jayway.jsonpath/json-path/2.4.0/765a4401ceb2dc8d40553c2075eb80a8fa35c2ae/json-path-2.4.0.jar:/Users/Dennis.Nyabuti/.gradle/caches/modules-2/files-2.1/org.springframework.data/spring-data-commons/2.0.8.RELEASE/5c19af63b5acb0eab39066684e813d5ecd9d03b7/spring-data-commons-2.0.8.RELEASE.jar:/Users/Dennis.Nyabuti/.gradle/caches/modules-2/files-2.1/org.springframework.boot/spring-boot-starter-logging/2.0.3.RELEASE/7caad34f01d2688919e15e09a90467963e3d5190/spring-boot-starter-logging-2.0.3.RELEASE.jar:/Users/Dennis.Nyabuti/.gradle/caches/modules-2/files-2.1/ch.qos.logback/logback-classic/1.2.3/7c4f3c474fb2c041d8028740440937705ebb473a/logback-classic-1.2.3.jar:/Users/Dennis.Nyabuti/.gradle/caches/modules-2/files-2.1/org.apache.logging.log4j/log4j-to-slf4j/2.10.0/f7e631ccf49cfc0aefa4a2a728da7d374c05bd3c/log4j-to-slf4j-2.10.0.jar:/Users/Dennis.Nyabuti/.gradle/caches/modules-2/files-2.1/org.slf4j/jul-to-slf4j/1.7.25/af5364cd6679bfffb114f0dec8a157aaa283b76/jul-to-slf4j-1.7.25.jar:/Users/Dennis.Nyabuti/.gradle/caches/modules-2/files-2.1/org.springframework.hateoas/spring-hateoas/0.24.0.RELEASE/b6401a781a58e0b2ab95242a553683e04300fe69/spring-hateoas-0.24.0.RELEASE.jar:/Users/Dennis.Nyabuti/.gradle/caches/modules-2/files-2.1/org.slf4j/slf4j-api/1.7.25/da76ca59f6a57ee3102f8f9bd9cee742973efa8a/slf4j-api-1.7.25.jar:/Users/Dennis.Nyabuti/.gradle/caches/modules-2/files-2.1/org.mapstruct/mapstruct/1.2.0.Final/8609d6eb044e9f6c73cb24c8f2f4ed5c72a249c7/mapstruct-1.2.0.Final.jar:/Users/Dennis.Nyabuti/.gradle/caches/modules-2/files-2.1/org.springframework.boot/spring-boot-test-autoconfigure/2.0.3.RELEASE/54e7d2167f2b926bf16a0ef8b91b6bfbd43826e7/spring-boot-test-autoconfigure-2.0.3.RELEASE.jar:/Users/Dennis.Nyabuti/.gradle/caches/modules-2/files-2.1/org.springframework.boot/spring-boot-test/2.0.3.RELEASE/5c9b4bb6cfce9ef6e53a0ff5fc4a7ff2867871d8/spring-boot-test-2.0.3.RELEASE.jar:/Users/Dennis.Nyabuti/.gradle/caches/modules-2/files-2.1/org.assertj/assertj-core/3.9.1/c5ce126b15f28d56cd8f960c1a6a058b9c9aea87/assertj-core-3.9.1.jar:/Users/Dennis.Nyabuti/.gradle/caches/modules-2/files-2.1/org.mockito/mockito-core/2.15.0/b84bfbbc29cd22c9529409627af6ea2897f4fa85/mockito-core-2.15.0.jar:/Users/Dennis.Nyabuti/.gradle/caches/modules-2/files-2.1/org.hamcrest/hamcrest-library/1.3/4785a3c21320980282f9f33d0d1264a69040538f/hamcrest-library-1.3.jar:/Users/Dennis.Nyabuti/.gradle/caches/modules-2/files-2.1/org.hamcrest/hamcrest-core/1.3/42a25dc3219429f0e5d060061f71acb49bf010a0/hamcrest-core-1.3.jar:/Users/Dennis.Nyabuti/.gradle/caches/modules-2/files-2.1/org.skyscreamer/jsonassert/1.5.0/6c9d5fe2f59da598d9aefc1cfc6528ff3cf32df3/jsonassert-1.5.0.jar:/Users/Dennis.Nyabuti/.gradle/caches/modules-2/files-2.1/org.springframework/spring-test/5.0.7.RELEASE/bcb7505a316ea34b7e9a7ae5d4921be5b475c02d/spring-test-5.0.7.RELEASE.jar:/Users/Dennis.Nyabuti/.gradle/caches/modules-2/files-2.1/org.springframework.boot/spring-boot-autoconfigure/2.0.3.RELEASE/11bc4cc96b08fabad2b3186755818fa0b32d83f/spring-boot-autoconfigure-2.0.3.RELEASE.jar:/Users/Dennis.Nyabuti/.gradle/caches/modules-2/files-2.1/org.springframework.boot/spring-boot/2.0.3.RELEASE/b874870d915adbc3dd932e19077d3d45c8e54aa0/spring-boot-2.0.3.RELEASE.jar:/Users/Dennis.Nyabuti/.gradle/caches/modules-2/files-2.1/org.springframework/spring-webmvc/5.0.7.RELEASE/751c871527ec7ff335ffc76f2e737e297c0a8d30/spring-webmvc-5.0.7.RELEASE.jar:/Users/Dennis.Nyabuti/.gradle/caches/modules-2/files-2.1/org.springframework/spring-web/5.0.7.RELEASE/2e04c6c2922fbfa06b5948be14a5782db168b6ec/spring-web-5.0.7.RELEASE.jar:/Users/Dennis.Nyabuti/.gradle/caches/modules-2/files-2.1/org.springframework/spring-tx/5.0.7.RELEASE/4ca59b21c61162adb146ad1b40c30b60d8dc42b8/spring-tx-5.0.7.RELEASE.jar:/Users/Dennis.Nyabuti/.gradle/caches/modules-2/files-2.1/org.springframework/spring-context/5.0.7.RELEASE/243a23f8968de8754d8199d669780d683ab177bd/spring-context-5.0.7.RELEASE.jar:/Users/Dennis.Nyabuti/.gradle/caches/modules-2/files-2.1/org.springframework/spring-aop/5.0.7.RELEASE/fdd0b6aa3c9c7a188c3bfbf6dfd8d40e843be9ef/spring-aop-5.0.7.RELEASE.jar:/Users/Dennis.Nyabuti/.gradle/caches/modules-2/files-2.1/org.springframework/spring-beans/5.0.7.RELEASE/c1196cb3e56da83e3c3a02ef323699f4b05feedc/spring-beans-5.0.7.RELEASE.jar:/Users/Dennis.Nyabuti/.gradle/caches/modules-2/files-2.1/org.springframework/spring-expression/5.0.7.RELEASE/ca01fb473f53dd0ee3c85663b26d5dc325602057/spring-expression-5.0.7.RELEASE.jar:/Users/Dennis.Nyabuti/.gradle/caches/modules-2/files-2.1/org.springframework/spring-core/5.0.7.RELEASE/54b731178d81e66eca9623df772ff32718208137/spring-core-5.0.7.RELEASE.jar:/Users/Dennis.Nyabuti/.gradle/caches/modules-2/files-2.1/org.xmlunit/xmlunit-core/2.5.1/4ffdb346572a7356f7521cd3119ce5287d2e339d/xmlunit-core-2.5.1.jar:/Users/Dennis.Nyabuti/.gradle/caches/modules-2/files-2.1/org.springframework.boot/spring-boot-starter-tomcat/2.0.3.RELEASE/25a51a75bfb997b7b95d6760178ee3303863ec4b/spring-boot-starter-tomcat-2.0.3.RELEASE.jar:/Users/Dennis.Nyabuti/.gradle/caches/modules-2/files-2.1/javax.annotation/javax.annotation-api/1.3.2/934c04d3cfef185a8008e7bf34331b79730a9d43/javax.annotation-api-1.3.2.jar:/Users/Dennis.Nyabuti/.gradle/caches/modules-2/files-2.1/org.yaml/snakeyaml/1.19/2d998d3d674b172a588e54ab619854d073f555b5/snakeyaml-1.19.jar:/Users/Dennis.Nyabuti/.gradle/caches/modules-2/files-2.1/com.fasterxml.jackson.datatype/jackson-datatype-jdk8/2.9.6/456895fc91bf7180b216fead220373e6278230c9/jackson-datatype-jdk8-2.9.6.jar:/Users/Dennis.Nyabuti/.gradle/caches/modules-2/files-2.1/com.fasterxml.jackson.datatype/jackson-datatype-jsr310/2.9.6/ea54f6193d224e5e5732bbd4262327eb465397c2/jackson-datatype-jsr310-2.9.6.jar:/Users/Dennis.Nyabuti/.gradle/caches/modules-2/files-2.1/com.fasterxml.jackson.module/jackson-module-parameter-names/2.9.6/129acd77a4b6ee30d62d3a0899b1344c8ec2bff8/jackson-module-parameter-names-2.9.6.jar:/Users/Dennis.Nyabuti/.gradle/caches/modules-2/files-2.1/com.fasterxml.jackson.core/jackson-databind/2.9.6/cfa4f316351a91bfd95cb0644c6a2c95f52db1fc/jackson-databind-2.9.6.jar:/Users/Dennis.Nyabuti/.gradle/caches/modules-2/files-2.1/com.fasterxml.jackson.core/jackson-annotations/2.9.0/7c10d545325e3a6e72e06381afe469fd40eb701/jackson-annotations-2.9.0.jar:/Users/Dennis.Nyabuti/.gradle/caches/modules-2/files-2.1/org.mongodb/mongodb-driver-core/3.6.4/6e737a5d706036bed528522d445dd2ffc454bd6b/mongodb-driver-core-3.6.4.jar:/Users/Dennis.Nyabuti/.gradle/caches/modules-2/files-2.1/org.mongodb/bson/3.6.4/da7487f3cba7ddd1e0b0814005960cf543e9d8/bson-3.6.4.jar:/Users/Dennis.Nyabuti/.gradle/caches/modules-2/files-2.1/net.minidev/json-smart/2.3/7396407491352ce4fa30de92efb158adb76b5b/json-smart-2.3.jar:/Users/Dennis.Nyabuti/.gradle/caches/modules-2/files-2.1/net.bytebuddy/byte-buddy/1.7.11/f02857a4e2c66ccbe7aaad6100a0a6c461bce9b3/byte-buddy-1.7.11.jar:/Users/Dennis.Nyabuti/.gradle/caches/modules-2/files-2.1/net.bytebuddy/byte-buddy-agent/1.7.11/b425a8933ca07edd03c6dbc8bc3b595fba9780de/byte-buddy-agent-1.7.11.jar:/Users/Dennis.Nyabuti/.gradle/caches/modules-2/files-2.1/org.objenesis/objenesis/2.6/639033469776fd37c08358c6b92a4761feb2af4b/objenesis-2.6.jar:/Users/Dennis.Nyabuti/.gradle/caches/modules-2/files-2.1/com.vaadin.external.google/android-json/0.0.20131108.vaadin1/fa26d351fe62a6a17f5cda1287c1c6110dec413f/android-json-0.0.20131108.vaadin1.jar:/Users/Dennis.Nyabuti/.gradle/caches/modules-2/files-2.1/org.springframework/spring-jcl/5.0.7.RELEASE/699016ddf454c2c167d9f84ae5777eccadf54728/spring-jcl-5.0.7.RELEASE.jar:/Users/Dennis.Nyabuti/.gradle/caches/modules-2/files-2.1/com.fasterxml.jackson.core/jackson-core/2.9.6/4e393793c37c77e042ccc7be5a914ae39251b365/jackson-core-2.9.6.jar:/Users/Dennis.Nyabuti/.gradle/caches/modules-2/files-2.1/org.apache.tomcat.embed/tomcat-embed-websocket/8.5.31/6564e716b89de5eaa0dd234ae7989576503ddf3/tomcat-embed-websocket-8.5.31.jar:/Users/Dennis.Nyabuti/.gradle/caches/modules-2/files-2.1/org.apache.tomcat.embed/tomcat-embed-core/8.5.31/f5adf7ed8c34aa005b22b6a2dc7b6796e10e9c79/tomcat-embed-core-8.5.31.jar:/Users/Dennis.Nyabuti/.gradle/caches/modules-2/files-2.1/org.apache.tomcat.embed/tomcat-embed-el/8.5.31/3a536e1ac71b82627c3a7408eb38fa0704cb9034/tomcat-embed-el-8.5.31.jar:/Users/Dennis.Nyabuti/.gradle/caches/modules-2/files-2.1/javax.validation/validation-api/2.0.1.Final/cb855558e6271b1b32e716d24cb85c7f583ce09e/validation-api-2.0.1.Final.jar:/Users/Dennis.Nyabuti/.gradle/caches/modules-2/files-2.1/org.jboss.logging/jboss-logging/3.3.2.Final/3789d00e859632e6c6206adc0c71625559e6e3b0/jboss-logging-3.3.2.Final.jar:/Users/Dennis.Nyabuti/.gradle/caches/modules-2/files-2.1/org.atteo/evo-inflector/1.2.2/2551aad98d65ac5464d81fe05f0e1516cfe471c9/evo-inflector-1.2.2.jar:/Users/Dennis.Nyabuti/.gradle/caches/modules-2/files-2.1/net.minidev/accessors-smart/1.2/c592b500269bfde36096641b01238a8350f8aa31/accessors-smart-1.2.jar:/Users/Dennis.Nyabuti/.gradle/caches/modules-2/files-2.1/ch.qos.logback/logback-core/1.2.3/864344400c3d4d92dfeb0a305dc87d953677c03c/logback-core-1.2.3.jar:/Users/Dennis.Nyabuti/.gradle/caches/modules-2/files-2.1/org.apache.logging.log4j/log4j-api/2.10.0/fec5797a55b786184a537abd39c3fa1449d752d6/log4j-api-2.10.0.jar:/Users/Dennis.Nyabuti/.gradle/caches/modules-2/files-2.1/org.ow2.asm/asm/5.0.4/da08b8cce7bbf903602a25a3a163ae252435795/asm-5.0.4.jar, user.name=Dennis.Nyabuti, java.vm.specification.version=1.8, sun.java.command=worker.org.gradle.process.internal.worker.GradleWorkerMain 'Gradle Test Executor 1', java.home=/Library/Java/JavaVirtualMachines/jdk1.8.0_121.jdk/Contents/Home/jre, sun.arch.data.model=64, user.language=en, java.specification.vendor=Oracle Corporation, awt.toolkit=sun.lwawt.macosx.LWCToolkit, java.vm.info=mixed mode, java.version=1.8.0_121, java.ext.dirs=/Users/Dennis.Nyabuti/Library/Java/Extensions:/Library/Java/JavaVirtualMachines/jdk1.8.0_121.jdk/Contents/Home/jre/lib/ext:/Library/Java/Extensions:/Network/Library/Java/Extensions:/System/Library/Java/Extensions:/usr/lib/java, sun.boot.class.path=/Library/Java/JavaVirtualMachines/jdk1.8.0_121.jdk/Contents/Home/jre/lib/resources.jar:/Library/Java/JavaVirtualMachines/jdk1.8.0_121.jdk/Contents/Home/jre/lib/rt.jar:/Library/Java/JavaVirtualMachines/jdk1.8.0_121.jdk/Contents/Home/jre/lib/sunrsasign.jar:/Library/Java/JavaVirtualMachines/jdk1.8.0_121.jdk/Contents/Home/jre/lib/jsse.jar:/Library/Java/JavaVirtualMachines/jdk1.8.0_121.jdk/Contents/Home/jre/lib/jce.jar:/Library/Java/JavaVirtualMachines/jdk1.8.0_121.jdk/Contents/Home/jre/lib/charsets.jar:/Library/Java/JavaVirtualMachines/jdk1.8.0_121.jdk/Contents/Home/jre/lib/jfr.jar:/Library/Java/JavaVirtualMachines/jdk1.8.0_121.jdk/Contents/Home/jre/classes, java.vendor=Oracle Corporation, org.gradle.test.worker=1, file.separator=/, java.vendor.url.bug=http://bugreport.sun.com/bugreport/, sun.io.unicode.encoding=UnicodeBig, sun.cpu.endian=little, socksNonProxyHosts=local|*.local|169.254/16|*.169.254/16, ftp.nonProxyHosts=local|*.local|169.254/16|*.169.254/16, sun.cpu.isalist=}}, SystemEnvironmentPropertySource@1288384676 {name='systemEnvironment', properties={PATH=/usr/local/opt/mongodb/bin:/Users/Dennis.Nyabuti/anaconda3/bin:/Library/Frameworks/Python.framework/Versions/2.7/bin:/usr/local/bin:/usr/bin:/bin:/usr/sbin:/sbin:/usr/texbin:/usr/local/go/bin:/usr/local/MacGPG2/bin:/opt/X11/bin, JAVA_HOME=/Library/Java/JavaVirtualMachines/jdk1.8.0_121.jdk/Contents/Home, TERM=xterm-256color, LANG=en_US.UTF-8, APP_NAME_37626=Gradle, DISPLAY=/private/tmp/com.apple.launchd.YGU5JvqOwv/org.macosforge.xquartz:0, JAVA_MAIN_CLASS_37626=org.gradle.wrapper.GradleWrapperMain, LOGNAME=Dennis.Nyabuti, XPC_SERVICE_NAME=0, PWD=/Users/Dennis.Nyabuti/git/springboot-mongodb-rest-api, TERM_PROGRAM_VERSION=404, JAVA_MAIN_CLASS_37641=worker.org.gradle.process.internal.worker.GradleWorkerMain, SHELL=/bin/zsh, TERM_PROGRAM=Apple_Terminal, APP_ICON_37626=/Users/Dennis.Nyabuti/git/springboot-mongodb-rest-api/media/gradle.icns, SECURITYSESSIONID=186a7, OLDPWD=/Users/Dennis.Nyabuti/git/springboot-mongodb-rest-api, USER=Dennis.Nyabuti, TMPDIR=/var/folders/xl/t4tcd6_j059gl_prdcgfprbh0000gs/T/, SSH_AUTH_SOCK=/private/tmp/com.apple.launchd.yBYKlHVc7p/Listeners, XPC_FLAGS=0x0, TERM_SESSION_ID=6B3475BC-ABA7-42AA-8C1F-0956BD87C1F2, __CF_USER_TEXT_ENCODING=0x1F9:0x0:0x0, Apple_PubSub_Socket_Render=/private/tmp/com.apple.launchd.ECkmzIWMmD/Render, HOME=/Users/Dennis.Nyabuti, SHLVL=1}}]
21:45:04.358 [Test worker] DEBUG org.springframework.core.io.support.PathMatchingResourcePatternResolver - Resolved classpath location [com/nyabuti/dennis/springboot/mongodb/controller/] to resources [URL [file:/Users/Dennis.Nyabuti/git/springboot-mongodb-rest-api/build/classes/java/test/com/nyabuti/dennis/springboot/mongodb/controller/], URL [file:/Users/Dennis.Nyabuti/git/springboot-mongodb-rest-api/build/classes/java/main/com/nyabuti/dennis/springboot/mongodb/controller/]]
21:45:04.358 [Test worker] DEBUG org.springframework.core.io.support.PathMatchingResourcePatternResolver - Looking for matching resources in directory tree [/Users/Dennis.Nyabuti/git/springboot-mongodb-rest-api/build/classes/java/test/com/nyabuti/dennis/springboot/mongodb/controller]
21:45:04.358 [Test worker] DEBUG org.springframework.core.io.support.PathMatchingResourcePatternResolver - Searching directory [/Users/Dennis.Nyabuti/git/springboot-mongodb-rest-api/build/classes/java/test/com/nyabuti/dennis/springboot/mongodb/controller] for files matching pattern [/Users/Dennis.Nyabuti/git/springboot-mongodb-rest-api/build/classes/java/test/com/nyabuti/dennis/springboot/mongodb/controller/*.class]
21:45:04.363 [Test worker] DEBUG org.springframework.core.io.support.PathMatchingResourcePatternResolver - Looking for matching resources in directory tree [/Users/Dennis.Nyabuti/git/springboot-mongodb-rest-api/build/classes/java/main/com/nyabuti/dennis/springboot/mongodb/controller]
21:45:04.363 [Test worker] DEBUG org.springframework.core.io.support.PathMatchingResourcePatternResolver - Searching directory [/Users/Dennis.Nyabuti/git/springboot-mongodb-rest-api/build/classes/java/main/com/nyabuti/dennis/springboot/mongodb/controller] for files matching pattern [/Users/Dennis.Nyabuti/git/springboot-mongodb-rest-api/build/classes/java/main/com/nyabuti/dennis/springboot/mongodb/controller/*.class]
21:45:04.364 [Test worker] DEBUG org.springframework.core.io.support.PathMatchingResourcePatternResolver - Resolved location pattern [classpath*:com/nyabuti/dennis/springboot/mongodb/controller/*.class] to resources [file [/Users/Dennis.Nyabuti/git/springboot-mongodb-rest-api/build/classes/java/test/com/nyabuti/dennis/springboot/mongodb/controller/AuthorControllerTest.class], file [/Users/Dennis.Nyabuti/git/springboot-mongodb-rest-api/build/classes/java/test/com/nyabuti/dennis/springboot/mongodb/controller/BookAuthorTest.class], file [/Users/Dennis.Nyabuti/git/springboot-mongodb-rest-api/build/classes/java/main/com/nyabuti/dennis/springboot/mongodb/controller/AuthorController.class], file [/Users/Dennis.Nyabuti/git/springboot-mongodb-rest-api/build/classes/java/main/com/nyabuti/dennis/springboot/mongodb/controller/BookAuthorController.class], file [/Users/Dennis.Nyabuti/git/springboot-mongodb-rest-api/build/classes/java/main/com/nyabuti/dennis/springboot/mongodb/controller/BookController.class], file [/Users/Dennis.Nyabuti/git/springboot-mongodb-rest-api/build/classes/java/main/com/nyabuti/dennis/springboot/mongodb/controller/PublisherController.class]]
21:45:04.428 [Test worker] DEBUG org.springframework.core.io.support.PathMatchingResourcePatternResolver - Resolved classpath location [com/nyabuti/dennis/springboot/mongodb/] to resources [URL [file:/Users/Dennis.Nyabuti/git/springboot-mongodb-rest-api/build/classes/java/test/com/nyabuti/dennis/springboot/mongodb/], URL [file:/Users/Dennis.Nyabuti/git/springboot-mongodb-rest-api/build/classes/java/main/com/nyabuti/dennis/springboot/mongodb/]]
21:45:04.428 [Test worker] DEBUG org.springframework.core.io.support.PathMatchingResourcePatternResolver - Looking for matching resources in directory tree [/Users/Dennis.Nyabuti/git/springboot-mongodb-rest-api/build/classes/java/test/com/nyabuti/dennis/springboot/mongodb]
21:45:04.428 [Test worker] DEBUG org.springframework.core.io.support.PathMatchingResourcePatternResolver - Searching directory [/Users/Dennis.Nyabuti/git/springboot-mongodb-rest-api/build/classes/java/test/com/nyabuti/dennis/springboot/mongodb] for files matching pattern [/Users/Dennis.Nyabuti/git/springboot-mongodb-rest-api/build/classes/java/test/com/nyabuti/dennis/springboot/mongodb/*.class]
21:45:04.429 [Test worker] DEBUG org.springframework.core.io.support.PathMatchingResourcePatternResolver - Looking for matching resources in directory tree [/Users/Dennis.Nyabuti/git/springboot-mongodb-rest-api/build/classes/java/main/com/nyabuti/dennis/springboot/mongodb]
21:45:04.430 [Test worker] DEBUG org.springframework.core.io.support.PathMatchingResourcePatternResolver - Searching directory [/Users/Dennis.Nyabuti/git/springboot-mongodb-rest-api/build/classes/java/main/com/nyabuti/dennis/springboot/mongodb] for files matching pattern [/Users/Dennis.Nyabuti/git/springboot-mongodb-rest-api/build/classes/java/main/com/nyabuti/dennis/springboot/mongodb/*.class]
21:45:04.431 [Test worker] DEBUG org.springframework.core.io.support.PathMatchingResourcePatternResolver - Resolved location pattern [classpath*:com/nyabuti/dennis/springboot/mongodb/*.class] to resources [file [/Users/Dennis.Nyabuti/git/springboot-mongodb-rest-api/build/classes/java/main/com/nyabuti/dennis/springboot/mongodb/Application.class]]
21:45:04.466 [Test worker] DEBUG org.springframework.context.annotation.ClassPathScanningCandidateComponentProvider - Identified candidate component class: file [/Users/Dennis.Nyabuti/git/springboot-mongodb-rest-api/build/classes/java/main/com/nyabuti/dennis/springboot/mongodb/Application.class]
21:45:04.467 [Test worker] INFO org.springframework.boot.test.context.SpringBootTestContextBootstrapper - Found @SpringBootConfiguration com.nyabuti.dennis.springboot.mongodb.Application for test class com.nyabuti.dennis.springboot.mongodb.controller.AuthorControllerTest
21:45:04.473 [Test worker] DEBUG org.springframework.boot.test.autoconfigure.web.servlet.WebMvcTestContextBootstrapper - @TestExecutionListeners is not present for class [com.nyabuti.dennis.springboot.mongodb.controller.AuthorControllerTest]: using defaults.
21:45:04.474 [Test worker] INFO org.springframework.boot.test.autoconfigure.web.servlet.WebMvcTestContextBootstrapper - Loaded default TestExecutionListener class names from location [META-INF/spring.factories]: [org.springframework.boot.test.autoconfigure.restdocs.RestDocsTestExecutionListener, org.springframework.boot.test.autoconfigure.web.client.MockRestServiceServerResetTestExecutionListener, org.springframework.boot.test.autoconfigure.web.servlet.MockMvcPrintOnlyOnFailureTestExecutionListener, org.springframework.boot.test.autoconfigure.web.servlet.WebDriverTestExecutionListener, org.springframework.boot.test.mock.mockito.MockitoTestExecutionListener, org.springframework.boot.test.mock.mockito.ResetMocksTestExecutionListener, org.springframework.test.context.web.ServletTestExecutionListener, org.springframework.test.context.support.DirtiesContextBeforeModesTestExecutionListener, org.springframework.test.context.support.DependencyInjectionTestExecutionListener, org.springframework.test.context.support.DirtiesContextTestExecutionListener, org.springframework.test.context.transaction.TransactionalTestExecutionListener, org.springframework.test.context.jdbc.SqlScriptsTestExecutionListener]
21:45:04.516 [Test worker] INFO org.springframework.boot.test.autoconfigure.web.servlet.WebMvcTestContextBootstrapper - Using TestExecutionListeners: [org.springframework.test.context.web.ServletTestExecutionListener@54011699, org.springframework.test.context.support.DirtiesContextBeforeModesTestExecutionListener@31d541a2, org.springframework.boot.test.mock.mockito.MockitoTestExecutionListener@4b866948, org.springframework.boot.test.autoconfigure.SpringBootDependencyInjectionTestExecutionListener@216e7ae9, org.springframework.test.context.support.DirtiesContextTestExecutionListener@7d071583, org.springframework.test.context.transaction.TransactionalTestExecutionListener@66c483d0, org.springframework.test.context.jdbc.SqlScriptsTestExecutionListener@1ef07a69, org.springframework.boot.test.autoconfigure.restdocs.RestDocsTestExecutionListener@4c1bf26c, org.springframework.boot.test.autoconfigure.web.client.MockRestServiceServerResetTestExecutionListener@9755d61, org.springframework.boot.test.autoconfigure.web.servlet.MockMvcPrintOnlyOnFailureTestExecutionListener@4b6d959c, org.springframework.boot.test.autoconfigure.web.servlet.WebDriverTestExecutionListener@56d38daa, org.springframework.boot.test.mock.mockito.ResetMocksTestExecutionListener@45c88d8e]
21:45:04.521 [Test worker] DEBUG org.springframework.test.annotation.ProfileValueUtils - Retrieved @ProfileValueSourceConfiguration [null] for test class [com.nyabuti.dennis.springboot.mongodb.controller.AuthorControllerTest]
21:45:04.523 [Test worker] DEBUG org.springframework.test.annotation.ProfileValueUtils - Retrieved ProfileValueSource type [class org.springframework.test.annotation.SystemProfileValueSource] for class [com.nyabuti.dennis.springboot.mongodb.controller.AuthorControllerTest]
21:45:04.524 [Test worker] DEBUG org.springframework.test.annotation.ProfileValueUtils - Retrieved @ProfileValueSourceConfiguration [null] for test class [com.nyabuti.dennis.springboot.mongodb.controller.AuthorControllerTest]
21:45:04.524 [Test worker] DEBUG org.springframework.test.annotation.ProfileValueUtils - Retrieved ProfileValueSource type [class org.springframework.test.annotation.SystemProfileValueSource] for class [com.nyabuti.dennis.springboot.mongodb.controller.AuthorControllerTest]
21:45:04.553 [Test worker] DEBUG org.springframework.test.context.support.AbstractDirtiesContextTestExecutionListener - Before test class: context [DefaultTestContext@6c1c8abd testClass = AuthorControllerTest, testInstance = [null], testMethod = [null], testException = [null], mergedContextConfiguration = [WebMergedContextConfiguration@6d1ffb07 testClass = AuthorControllerTest, locations = '{}', classes = '{class com.nyabuti.dennis.springboot.mongodb.Application}', contextInitializerClasses = '[]', activeProfiles = '{}', propertySourceLocations = '{}', propertySourceProperties = '{org.springframework.boot.test.autoconfigure.web.servlet.WebMvcTestContextBootstrapper=true}', contextCustomizers = set[org.springframework.boot.test.autoconfigure.OverrideAutoConfigurationContextCustomizerFactory$DisableAutoConfigurationContextCustomizer@214979dd, org.springframework.boot.test.autoconfigure.filter.TypeExcludeFiltersContextCustomizer@26043b75, org.springframework.boot.test.autoconfigure.properties.PropertyMappingContextCustomizer@ccdde4b5, org.springframework.boot.test.autoconfigure.web.servlet.WebDriverContextCustomizerFactory$Customizer@3bd7e598, [ImportsContextCustomizer@1e39f29b key = [org.springframework.boot.autoconfigure.cache.CacheAutoConfiguration, org.springframework.boot.autoconfigure.context.MessageSourceAutoConfiguration, org.springframework.boot.autoconfigure.freemarker.FreeMarkerAutoConfiguration, org.springframework.boot.autoconfigure.groovy.template.GroovyTemplateAutoConfiguration, org.springframework.boot.autoconfigure.gson.GsonAutoConfiguration, org.springframework.boot.autoconfigure.hateoas.HypermediaAutoConfiguration, org.springframework.boot.autoconfigure.http.HttpMessageConvertersAutoConfiguration, org.springframework.boot.autoconfigure.jackson.JacksonAutoConfiguration, org.springframework.boot.autoconfigure.jsonb.JsonbAutoConfiguration, org.springframework.boot.autoconfigure.mustache.MustacheAutoConfiguration, org.springframework.boot.autoconfigure.thymeleaf.ThymeleafAutoConfiguration, org.springframework.boot.autoconfigure.validation.ValidationAutoConfiguration, org.springframework.boot.autoconfigure.web.servlet.error.ErrorMvcAutoConfiguration, org.springframework.boot.autoconfigure.web.servlet.WebMvcAutoConfiguration, org.springframework.boot.test.autoconfigure.web.servlet.MockMvcAutoConfiguration, org.springframework.boot.test.autoconfigure.web.servlet.MockMvcSecurityAutoConfiguration, org.springframework.boot.test.autoconfigure.web.servlet.MockMvcWebClientAutoConfiguration, org.springframework.boot.test.autoconfigure.web.servlet.MockMvcWebDriverAutoConfiguration]], org.springframework.boot.test.context.filter.ExcludeFilterContextCustomizer@585ec03e, org.springframework.boot.test.json.DuplicateJsonObjectContextCustomizerFactory$DuplicateJsonObjectContextCustomizer@15cabe82, org.springframework.boot.test.mock.mockito.MockitoContextCustomizer@a2620bec], resourceBasePath = '', contextLoader = 'org.springframework.boot.test.context.SpringBootContextLoader', parent = [null]], attributes = map[[empty]]], class annotated with @DirtiesContext [false] with mode [null].
21:45:04.556 [Test worker] DEBUG org.springframework.test.annotation.ProfileValueUtils - Retrieved @ProfileValueSourceConfiguration [null] for test class [com.nyabuti.dennis.springboot.mongodb.controller.AuthorControllerTest]
21:45:04.556 [Test worker] DEBUG org.springframework.test.annotation.ProfileValueUtils - Retrieved ProfileValueSource type [class org.springframework.test.annotation.SystemProfileValueSource] for class [com.nyabuti.dennis.springboot.mongodb.controller.AuthorControllerTest]
21:45:04.587 [Test worker] DEBUG org.springframework.core.env.StandardEnvironment - Adding PropertySource 'systemProperties' with lowest search precedence
21:45:04.587 [Test worker] DEBUG org.springframework.core.env.StandardEnvironment - Adding PropertySource 'systemEnvironment' with lowest search precedence
21:45:04.587 [Test worker] DEBUG org.springframework.core.env.StandardEnvironment - Initialized StandardEnvironment with PropertySources [MapPropertySource@405874247 {name='systemProperties', properties={java.runtime.name=Java(TM) SE Runtime Environment, sun.boot.library.path=/Library/Java/JavaVirtualMachines/jdk1.8.0_121.jdk/Contents/Home/jre/lib, java.vm.version=25.121-b13, gopherProxySet=false, java.vm.vendor=Oracle Corporation, java.vendor.url=http://java.oracle.com/, path.separator=:, java.vm.name=Java HotSpot(TM) 64-Bit Server VM, file.encoding.pkg=sun.io, sun.java.launcher=SUN_STANDARD, user.country=US, sun.os.patch.level=unknown, java.vm.specification.name=Java Virtual Machine Specification, user.dir=/Users/Dennis.Nyabuti/git/springboot-mongodb-rest-api, java.runtime.version=1.8.0_121-b13, java.awt.graphicsenv=sun.awt.CGraphicsEnvironment, java.endorsed.dirs=/Library/Java/JavaVirtualMachines/jdk1.8.0_121.jdk/Contents/Home/jre/lib/endorsed, os.arch=x86_64, java.io.tmpdir=/var/folders/xl/t4tcd6_j059gl_prdcgfprbh0000gs/T/, line.separator=
, java.vm.specification.vendor=Oracle Corporation, user.variant=, os.name=Mac OS X, sun.jnu.encoding=UTF-8, java.library.path=/Users/Dennis.Nyabuti/Library/Java/Extensions:/Library/Java/Extensions:/Network/Library/Java/Extensions:/System/Library/Java/Extensions:/usr/lib/java:., java.specification.name=Java Platform API Specification, java.class.version=52.0, org.gradle.native=false, sun.management.compiler=HotSpot 64-Bit Tiered Compilers, os.version=10.13.6, http.nonProxyHosts=local|*.local|169.254/16|*.169.254/16, user.home=/Users/Dennis.Nyabuti, user.timezone=America/Chicago, java.awt.printerjob=sun.lwawt.macosx.CPrinterJob, file.encoding=UTF-8, java.specification.version=1.8, java.class.path=/Users/Dennis.Nyabuti/git/springboot-mongodb-rest-api/build/classes/java/test:/Users/Dennis.Nyabuti/git/springboot-mongodb-rest-api/build/resources/test:/Users/Dennis.Nyabuti/git/springboot-mongodb-rest-api/build/classes/java/main:/Users/Dennis.Nyabuti/git/springboot-mongodb-rest-api/build/resources/main:/Users/Dennis.Nyabuti/.gradle/caches/modules-2/files-2.1/org.json/json/20171018/36ced462c97f0845b4a7b266a25cebe95d18baa3/json-20171018.jar:/Users/Dennis.Nyabuti/.gradle/caches/modules-2/files-2.1/org.springframework.boot/spring-boot-starter-data-rest/2.0.3.RELEASE/ab704767bbc2a61e812f5b72f66fb0eff0721633/spring-boot-starter-data-rest-2.0.3.RELEASE.jar:/Users/Dennis.Nyabuti/.gradle/caches/modules-2/files-2.1/org.springframework.boot/spring-boot-starter-data-mongodb/2.0.3.RELEASE/bf51859e2f6c12485b5f215b240ed4038824f87e/spring-boot-starter-data-mongodb-2.0.3.RELEASE.jar:/Users/Dennis.Nyabuti/.gradle/caches/modules-2/files-2.1/io.springfox/springfox-swagger-ui/2.9.2/d542382a88ff3ea8d4032c28b2b0325797fada7d/springfox-swagger-ui-2.9.2.jar:/Users/Dennis.Nyabuti/.gradle/caches/modules-2/files-2.1/io.springfox/springfox-swagger2/2.9.2/362676bc7f4c6f9f1d568741becab0dfc198c898/springfox-swagger2-2.9.2.jar:/Users/Dennis.Nyabuti/.gradle/caches/modules-2/files-2.1/org.springframework.boot/spring-boot-starter-test/2.0.3.RELEASE/1c624b1cc217bac010abce7a28df8169af4a7fa0/spring-boot-starter-test-2.0.3.RELEASE.jar:/Users/Dennis.Nyabuti/.gradle/caches/modules-2/files-2.1/junit/junit/4.12/2973d150c0dc1fefe998f834810d68f278ea58ec/junit-4.12.jar:/Users/Dennis.Nyabuti/.gradle/caches/modules-2/files-2.1/org.springframework.boot/spring-boot-starter-web/2.0.3.RELEASE/41fd4180bea3813de8f3c602b5a126218360315b/spring-boot-starter-web-2.0.3.RELEASE.jar:/Users/Dennis.Nyabuti/.gradle/caches/modules-2/files-2.1/org.springframework.boot/spring-boot-starter-json/2.0.3.RELEASE/2e389a8727588c549c28bb277f0f573f65554850/spring-boot-starter-json-2.0.3.RELEASE.jar:/Users/Dennis.Nyabuti/.gradle/caches/modules-2/files-2.1/org.springframework.boot/spring-boot-starter/2.0.3.RELEASE/ffaa050dbd36b0441645598f1a7ddaf67fd5e678/spring-boot-starter-2.0.3.RELEASE.jar:/Users/Dennis.Nyabuti/.gradle/caches/modules-2/files-2.1/org.springframework.data/spring-data-rest-webmvc/3.0.8.RELEASE/ae8cff5d1d7d2c072a30d4cec48933a1d981ec4/spring-data-rest-webmvc-3.0.8.RELEASE.jar:/Users/Dennis.Nyabuti/.gradle/caches/modules-2/files-2.1/org.mongodb/mongodb-driver/3.6.4/4ddaa4520e9b3a9255ae138f782d73432be6787d/mongodb-driver-3.6.4.jar:/Users/Dennis.Nyabuti/.gradle/caches/modules-2/files-2.1/org.springframework.data/spring-data-mongodb/2.0.8.RELEASE/8d5235c223a51574b6633edfad8345c7e2681858/spring-data-mongodb-2.0.8.RELEASE.jar:/Users/Dennis.Nyabuti/.gradle/caches/modules-2/files-2.1/io.springfox/springfox-swagger-common/2.9.2/b38a41b3044af80cb7f41f67be5d158c9f6491ec/springfox-swagger-common-2.9.2.jar:/Users/Dennis.Nyabuti/.gradle/caches/modules-2/files-2.1/io.springfox/springfox-spring-web/2.9.2/ed2ed714a6cba8804d00f80f0534901e4c7a3211/springfox-spring-web-2.9.2.jar:/Users/Dennis.Nyabuti/.gradle/caches/modules-2/files-2.1/io.swagger/swagger-models/1.5.20/fb3a23bad80c5ed84db9dd150db2cba699531458/swagger-models-1.5.20.jar:/Users/Dennis.Nyabuti/.gradle/caches/modules-2/files-2.1/io.swagger/swagger-annotations/1.5.20/16051f93ce11ca489a5313775d825f82fcc2cd6c/swagger-annotations-1.5.20.jar:/Users/Dennis.Nyabuti/.gradle/caches/modules-2/files-2.1/io.springfox/springfox-schema/2.9.2/e268f38774b16bb51a92ccaef0dcf3dc651c0cee/springfox-schema-2.9.2.jar:/Users/Dennis.Nyabuti/.gradle/caches/modules-2/files-2.1/io.springfox/springfox-spi/2.9.2/6ac686190a6ceaccdae8b50d03b0501d144a6666/springfox-spi-2.9.2.jar:/Users/Dennis.Nyabuti/.gradle/caches/modules-2/files-2.1/io.springfox/springfox-core/2.9.2/2e26f58939c594fb5c958c3a1c7bedf83d2f2702/springfox-core-2.9.2.jar:/Users/Dennis.Nyabuti/.gradle/caches/modules-2/files-2.1/com.google.guava/guava/20.0/89507701249388e1ed5ddcf8c41f4ce1be7831ef/guava-20.0.jar:/Users/Dennis.Nyabuti/.gradle/caches/modules-2/files-2.1/org.hibernate.validator/hibernate-validator/6.0.10.Final/4236051a8d209c00f85e70918d5e26d9f3e5201e/hibernate-validator-6.0.10.Final.jar:/Users/Dennis.Nyabuti/.gradle/caches/modules-2/files-2.1/com.fasterxml/classmate/1.3.4/3d5f48f10bbe4eb7bd862f10c0583be2e0053c6/classmate-1.3.4.jar:/Users/Dennis.Nyabuti/.gradle/caches/modules-2/files-2.1/org.springframework.plugin/spring-plugin-metadata/1.2.0.RELEASE/97223fc496b6cab31602eedbd4202aa4fff0d44f/spring-plugin-metadata-1.2.0.RELEASE.jar:/Users/Dennis.Nyabuti/.gradle/caches/modules-2/files-2.1/org.springframework.data/spring-data-rest-core/3.0.8.RELEASE/375f02813398ee9dbd575e5c7ae6cc6119c38ed1/spring-data-rest-core-3.0.8.RELEASE.jar:/Users/Dennis.Nyabuti/.gradle/caches/modules-2/files-2.1/org.springframework.plugin/spring-plugin-core/1.2.0.RELEASE/f380e7760032e7d929184f8ad8a33716b75c0657/spring-plugin-core-1.2.0.RELEASE.jar:/Users/Dennis.Nyabuti/.gradle/caches/modules-2/files-2.1/com.jayway.jsonpath/json-path/2.4.0/765a4401ceb2dc8d40553c2075eb80a8fa35c2ae/json-path-2.4.0.jar:/Users/Dennis.Nyabuti/.gradle/caches/modules-2/files-2.1/org.springframework.data/spring-data-commons/2.0.8.RELEASE/5c19af63b5acb0eab39066684e813d5ecd9d03b7/spring-data-commons-2.0.8.RELEASE.jar:/Users/Dennis.Nyabuti/.gradle/caches/modules-2/files-2.1/org.springframework.boot/spring-boot-starter-logging/2.0.3.RELEASE/7caad34f01d2688919e15e09a90467963e3d5190/spring-boot-starter-logging-2.0.3.RELEASE.jar:/Users/Dennis.Nyabuti/.gradle/caches/modules-2/files-2.1/ch.qos.logback/logback-classic/1.2.3/7c4f3c474fb2c041d8028740440937705ebb473a/logback-classic-1.2.3.jar:/Users/Dennis.Nyabuti/.gradle/caches/modules-2/files-2.1/org.apache.logging.log4j/log4j-to-slf4j/2.10.0/f7e631ccf49cfc0aefa4a2a728da7d374c05bd3c/log4j-to-slf4j-2.10.0.jar:/Users/Dennis.Nyabuti/.gradle/caches/modules-2/files-2.1/org.slf4j/jul-to-slf4j/1.7.25/af5364cd6679bfffb114f0dec8a157aaa283b76/jul-to-slf4j-1.7.25.jar:/Users/Dennis.Nyabuti/.gradle/caches/modules-2/files-2.1/org.springframework.hateoas/spring-hateoas/0.24.0.RELEASE/b6401a781a58e0b2ab95242a553683e04300fe69/spring-hateoas-0.24.0.RELEASE.jar:/Users/Dennis.Nyabuti/.gradle/caches/modules-2/files-2.1/org.slf4j/slf4j-api/1.7.25/da76ca59f6a57ee3102f8f9bd9cee742973efa8a/slf4j-api-1.7.25.jar:/Users/Dennis.Nyabuti/.gradle/caches/modules-2/files-2.1/org.mapstruct/mapstruct/1.2.0.Final/8609d6eb044e9f6c73cb24c8f2f4ed5c72a249c7/mapstruct-1.2.0.Final.jar:/Users/Dennis.Nyabuti/.gradle/caches/modules-2/files-2.1/org.springframework.boot/spring-boot-test-autoconfigure/2.0.3.RELEASE/54e7d2167f2b926bf16a0ef8b91b6bfbd43826e7/spring-boot-test-autoconfigure-2.0.3.RELEASE.jar:/Users/Dennis.Nyabuti/.gradle/caches/modules-2/files-2.1/org.springframework.boot/spring-boot-test/2.0.3.RELEASE/5c9b4bb6cfce9ef6e53a0ff5fc4a7ff2867871d8/spring-boot-test-2.0.3.RELEASE.jar:/Users/Dennis.Nyabuti/.gradle/caches/modules-2/files-2.1/org.assertj/assertj-core/3.9.1/c5ce126b15f28d56cd8f960c1a6a058b9c9aea87/assertj-core-3.9.1.jar:/Users/Dennis.Nyabuti/.gradle/caches/modules-2/files-2.1/org.mockito/mockito-core/2.15.0/b84bfbbc29cd22c9529409627af6ea2897f4fa85/mockito-core-2.15.0.jar:/Users/Dennis.Nyabuti/.gradle/caches/modules-2/files-2.1/org.hamcrest/hamcrest-library/1.3/4785a3c21320980282f9f33d0d1264a69040538f/hamcrest-library-1.3.jar:/Users/Dennis.Nyabuti/.gradle/caches/modules-2/files-2.1/org.hamcrest/hamcrest-core/1.3/42a25dc3219429f0e5d060061f71acb49bf010a0/hamcrest-core-1.3.jar:/Users/Dennis.Nyabuti/.gradle/caches/modules-2/files-2.1/org.skyscreamer/jsonassert/1.5.0/6c9d5fe2f59da598d9aefc1cfc6528ff3cf32df3/jsonassert-1.5.0.jar:/Users/Dennis.Nyabuti/.gradle/caches/modules-2/files-2.1/org.springframework/spring-test/5.0.7.RELEASE/bcb7505a316ea34b7e9a7ae5d4921be5b475c02d/spring-test-5.0.7.RELEASE.jar:/Users/Dennis.Nyabuti/.gradle/caches/modules-2/files-2.1/org.springframework.boot/spring-boot-autoconfigure/2.0.3.RELEASE/11bc4cc96b08fabad2b3186755818fa0b32d83f/spring-boot-autoconfigure-2.0.3.RELEASE.jar:/Users/Dennis.Nyabuti/.gradle/caches/modules-2/files-2.1/org.springframework.boot/spring-boot/2.0.3.RELEASE/b874870d915adbc3dd932e19077d3d45c8e54aa0/spring-boot-2.0.3.RELEASE.jar:/Users/Dennis.Nyabuti/.gradle/caches/modules-2/files-2.1/org.springframework/spring-webmvc/5.0.7.RELEASE/751c871527ec7ff335ffc76f2e737e297c0a8d30/spring-webmvc-5.0.7.RELEASE.jar:/Users/Dennis.Nyabuti/.gradle/caches/modules-2/files-2.1/org.springframework/spring-web/5.0.7.RELEASE/2e04c6c2922fbfa06b5948be14a5782db168b6ec/spring-web-5.0.7.RELEASE.jar:/Users/Dennis.Nyabuti/.gradle/caches/modules-2/files-2.1/org.springframework/spring-tx/5.0.7.RELEASE/4ca59b21c61162adb146ad1b40c30b60d8dc42b8/spring-tx-5.0.7.RELEASE.jar:/Users/Dennis.Nyabuti/.gradle/caches/modules-2/files-2.1/org.springframework/spring-context/5.0.7.RELEASE/243a23f8968de8754d8199d669780d683ab177bd/spring-context-5.0.7.RELEASE.jar:/Users/Dennis.Nyabuti/.gradle/caches/modules-2/files-2.1/org.springframework/spring-aop/5.0.7.RELEASE/fdd0b6aa3c9c7a188c3bfbf6dfd8d40e843be9ef/spring-aop-5.0.7.RELEASE.jar:/Users/Dennis.Nyabuti/.gradle/caches/modules-2/files-2.1/org.springframework/spring-beans/5.0.7.RELEASE/c1196cb3e56da83e3c3a02ef323699f4b05feedc/spring-beans-5.0.7.RELEASE.jar:/Users/Dennis.Nyabuti/.gradle/caches/modules-2/files-2.1/org.springframework/spring-expression/5.0.7.RELEASE/ca01fb473f53dd0ee3c85663b26d5dc325602057/spring-expression-5.0.7.RELEASE.jar:/Users/Dennis.Nyabuti/.gradle/caches/modules-2/files-2.1/org.springframework/spring-core/5.0.7.RELEASE/54b731178d81e66eca9623df772ff32718208137/spring-core-5.0.7.RELEASE.jar:/Users/Dennis.Nyabuti/.gradle/caches/modules-2/files-2.1/org.xmlunit/xmlunit-core/2.5.1/4ffdb346572a7356f7521cd3119ce5287d2e339d/xmlunit-core-2.5.1.jar:/Users/Dennis.Nyabuti/.gradle/caches/modules-2/files-2.1/org.springframework.boot/spring-boot-starter-tomcat/2.0.3.RELEASE/25a51a75bfb997b7b95d6760178ee3303863ec4b/spring-boot-starter-tomcat-2.0.3.RELEASE.jar:/Users/Dennis.Nyabuti/.gradle/caches/modules-2/files-2.1/javax.annotation/javax.annotation-api/1.3.2/934c04d3cfef185a8008e7bf34331b79730a9d43/javax.annotation-api-1.3.2.jar:/Users/Dennis.Nyabuti/.gradle/caches/modules-2/files-2.1/org.yaml/snakeyaml/1.19/2d998d3d674b172a588e54ab619854d073f555b5/snakeyaml-1.19.jar:/Users/Dennis.Nyabuti/.gradle/caches/modules-2/files-2.1/com.fasterxml.jackson.datatype/jackson-datatype-jdk8/2.9.6/456895fc91bf7180b216fead220373e6278230c9/jackson-datatype-jdk8-2.9.6.jar:/Users/Dennis.Nyabuti/.gradle/caches/modules-2/files-2.1/com.fasterxml.jackson.datatype/jackson-datatype-jsr310/2.9.6/ea54f6193d224e5e5732bbd4262327eb465397c2/jackson-datatype-jsr310-2.9.6.jar:/Users/Dennis.Nyabuti/.gradle/caches/modules-2/files-2.1/com.fasterxml.jackson.module/jackson-module-parameter-names/2.9.6/129acd77a4b6ee30d62d3a0899b1344c8ec2bff8/jackson-module-parameter-names-2.9.6.jar:/Users/Dennis.Nyabuti/.gradle/caches/modules-2/files-2.1/com.fasterxml.jackson.core/jackson-databind/2.9.6/cfa4f316351a91bfd95cb0644c6a2c95f52db1fc/jackson-databind-2.9.6.jar:/Users/Dennis.Nyabuti/.gradle/caches/modules-2/files-2.1/com.fasterxml.jackson.core/jackson-annotations/2.9.0/7c10d545325e3a6e72e06381afe469fd40eb701/jackson-annotations-2.9.0.jar:/Users/Dennis.Nyabuti/.gradle/caches/modules-2/files-2.1/org.mongodb/mongodb-driver-core/3.6.4/6e737a5d706036bed528522d445dd2ffc454bd6b/mongodb-driver-core-3.6.4.jar:/Users/Dennis.Nyabuti/.gradle/caches/modules-2/files-2.1/org.mongodb/bson/3.6.4/da7487f3cba7ddd1e0b0814005960cf543e9d8/bson-3.6.4.jar:/Users/Dennis.Nyabuti/.gradle/caches/modules-2/files-2.1/net.minidev/json-smart/2.3/7396407491352ce4fa30de92efb158adb76b5b/json-smart-2.3.jar:/Users/Dennis.Nyabuti/.gradle/caches/modules-2/files-2.1/net.bytebuddy/byte-buddy/1.7.11/f02857a4e2c66ccbe7aaad6100a0a6c461bce9b3/byte-buddy-1.7.11.jar:/Users/Dennis.Nyabuti/.gradle/caches/modules-2/files-2.1/net.bytebuddy/byte-buddy-agent/1.7.11/b425a8933ca07edd03c6dbc8bc3b595fba9780de/byte-buddy-agent-1.7.11.jar:/Users/Dennis.Nyabuti/.gradle/caches/modules-2/files-2.1/org.objenesis/objenesis/2.6/639033469776fd37c08358c6b92a4761feb2af4b/objenesis-2.6.jar:/Users/Dennis.Nyabuti/.gradle/caches/modules-2/files-2.1/com.vaadin.external.google/android-json/0.0.20131108.vaadin1/fa26d351fe62a6a17f5cda1287c1c6110dec413f/android-json-0.0.20131108.vaadin1.jar:/Users/Dennis.Nyabuti/.gradle/caches/modules-2/files-2.1/org.springframework/spring-jcl/5.0.7.RELEASE/699016ddf454c2c167d9f84ae5777eccadf54728/spring-jcl-5.0.7.RELEASE.jar:/Users/Dennis.Nyabuti/.gradle/caches/modules-2/files-2.1/com.fasterxml.jackson.core/jackson-core/2.9.6/4e393793c37c77e042ccc7be5a914ae39251b365/jackson-core-2.9.6.jar:/Users/Dennis.Nyabuti/.gradle/caches/modules-2/files-2.1/org.apache.tomcat.embed/tomcat-embed-websocket/8.5.31/6564e716b89de5eaa0dd234ae7989576503ddf3/tomcat-embed-websocket-8.5.31.jar:/Users/Dennis.Nyabuti/.gradle/caches/modules-2/files-2.1/org.apache.tomcat.embed/tomcat-embed-core/8.5.31/f5adf7ed8c34aa005b22b6a2dc7b6796e10e9c79/tomcat-embed-core-8.5.31.jar:/Users/Dennis.Nyabuti/.gradle/caches/modules-2/files-2.1/org.apache.tomcat.embed/tomcat-embed-el/8.5.31/3a536e1ac71b82627c3a7408eb38fa0704cb9034/tomcat-embed-el-8.5.31.jar:/Users/Dennis.Nyabuti/.gradle/caches/modules-2/files-2.1/javax.validation/validation-api/2.0.1.Final/cb855558e6271b1b32e716d24cb85c7f583ce09e/validation-api-2.0.1.Final.jar:/Users/Dennis.Nyabuti/.gradle/caches/modules-2/files-2.1/org.jboss.logging/jboss-logging/3.3.2.Final/3789d00e859632e6c6206adc0c71625559e6e3b0/jboss-logging-3.3.2.Final.jar:/Users/Dennis.Nyabuti/.gradle/caches/modules-2/files-2.1/org.atteo/evo-inflector/1.2.2/2551aad98d65ac5464d81fe05f0e1516cfe471c9/evo-inflector-1.2.2.jar:/Users/Dennis.Nyabuti/.gradle/caches/modules-2/files-2.1/net.minidev/accessors-smart/1.2/c592b500269bfde36096641b01238a8350f8aa31/accessors-smart-1.2.jar:/Users/Dennis.Nyabuti/.gradle/caches/modules-2/files-2.1/ch.qos.logback/logback-core/1.2.3/864344400c3d4d92dfeb0a305dc87d953677c03c/logback-core-1.2.3.jar:/Users/Dennis.Nyabuti/.gradle/caches/modules-2/files-2.1/org.apache.logging.log4j/log4j-api/2.10.0/fec5797a55b786184a537abd39c3fa1449d752d6/log4j-api-2.10.0.jar:/Users/Dennis.Nyabuti/.gradle/caches/modules-2/files-2.1/org.ow2.asm/asm/5.0.4/da08b8cce7bbf903602a25a3a163ae252435795/asm-5.0.4.jar, user.name=Dennis.Nyabuti, java.vm.specification.version=1.8, sun.java.command=worker.org.gradle.process.internal.worker.GradleWorkerMain 'Gradle Test Executor 1', java.home=/Library/Java/JavaVirtualMachines/jdk1.8.0_121.jdk/Contents/Home/jre, sun.arch.data.model=64, user.language=en, java.specification.vendor=Oracle Corporation, awt.toolkit=sun.lwawt.macosx.LWCToolkit, java.vm.info=mixed mode, java.version=1.8.0_121, java.ext.dirs=/Users/Dennis.Nyabuti/Library/Java/Extensions:/Library/Java/JavaVirtualMachines/jdk1.8.0_121.jdk/Contents/Home/jre/lib/ext:/Library/Java/Extensions:/Network/Library/Java/Extensions:/System/Library/Java/Extensions:/usr/lib/java, sun.boot.class.path=/Library/Java/JavaVirtualMachines/jdk1.8.0_121.jdk/Contents/Home/jre/lib/resources.jar:/Library/Java/JavaVirtualMachines/jdk1.8.0_121.jdk/Contents/Home/jre/lib/rt.jar:/Library/Java/JavaVirtualMachines/jdk1.8.0_121.jdk/Contents/Home/jre/lib/sunrsasign.jar:/Library/Java/JavaVirtualMachines/jdk1.8.0_121.jdk/Contents/Home/jre/lib/jsse.jar:/Library/Java/JavaVirtualMachines/jdk1.8.0_121.jdk/Contents/Home/jre/lib/jce.jar:/Library/Java/JavaVirtualMachines/jdk1.8.0_121.jdk/Contents/Home/jre/lib/charsets.jar:/Library/Java/JavaVirtualMachines/jdk1.8.0_121.jdk/Contents/Home/jre/lib/jfr.jar:/Library/Java/JavaVirtualMachines/jdk1.8.0_121.jdk/Contents/Home/jre/classes, java.vendor=Oracle Corporation, org.gradle.test.worker=1, file.separator=/, java.vendor.url.bug=http://bugreport.sun.com/bugreport/, sun.io.unicode.encoding=UnicodeBig, sun.cpu.endian=little, socksNonProxyHosts=local|*.local|169.254/16|*.169.254/16, ftp.nonProxyHosts=local|*.local|169.254/16|*.169.254/16, sun.cpu.isalist=}}, SystemEnvironmentPropertySource@553895763 {name='systemEnvironment', properties={PATH=/usr/local/opt/mongodb/bin:/Users/Dennis.Nyabuti/anaconda3/bin:/Library/Frameworks/Python.framework/Versions/2.7/bin:/usr/local/bin:/usr/bin:/bin:/usr/sbin:/sbin:/usr/texbin:/usr/local/go/bin:/usr/local/MacGPG2/bin:/opt/X11/bin, JAVA_HOME=/Library/Java/JavaVirtualMachines/jdk1.8.0_121.jdk/Contents/Home, TERM=xterm-256color, LANG=en_US.UTF-8, APP_NAME_37626=Gradle, DISPLAY=/private/tmp/com.apple.launchd.YGU5JvqOwv/org.macosforge.xquartz:0, JAVA_MAIN_CLASS_37626=org.gradle.wrapper.GradleWrapperMain, LOGNAME=Dennis.Nyabuti, XPC_SERVICE_NAME=0, PWD=/Users/Dennis.Nyabuti/git/springboot-mongodb-rest-api, TERM_PROGRAM_VERSION=404, JAVA_MAIN_CLASS_37641=worker.org.gradle.process.internal.worker.GradleWorkerMain, SHELL=/bin/zsh, TERM_PROGRAM=Apple_Terminal, APP_ICON_37626=/Users/Dennis.Nyabuti/git/springboot-mongodb-rest-api/media/gradle.icns, SECURITYSESSIONID=186a7, OLDPWD=/Users/Dennis.Nyabuti/git/springboot-mongodb-rest-api, USER=Dennis.Nyabuti, TMPDIR=/var/folders/xl/t4tcd6_j059gl_prdcgfprbh0000gs/T/, SSH_AUTH_SOCK=/private/tmp/com.apple.launchd.yBYKlHVc7p/Listeners, XPC_FLAGS=0x0, TERM_SESSION_ID=6B3475BC-ABA7-42AA-8C1F-0956BD87C1F2, __CF_USER_TEXT_ENCODING=0x1F9:0x0:0x0, Apple_PubSub_Socket_Render=/private/tmp/com.apple.launchd.ECkmzIWMmD/Render, HOME=/Users/Dennis.Nyabuti, SHLVL=1}}]
21:45:04.710 [Test worker] DEBUG org.springframework.test.context.support.TestPropertySourceUtils - Adding inlined properties to environment: {spring.jmx.enabled=false, org.springframework.boot.test.autoconfigure.web.servlet.WebMvcTestContextBootstrapper=true, server.port=-1}
21:45:04.710 [Test worker] DEBUG org.springframework.core.env.StandardEnvironment - Adding PropertySource 'Inlined Test Properties' with highest search precedence

  .   ____          _            __ _ _
 /\\ / ___'_ __ _ _(_)_ __  __ _ \ \ \ \
( ( )\___ | '_ | '_| | '_ \/ _` | \ \ \ \
 \\/  ___)| |_)| | | | | || (_| |  ) ) ) )
  '  |____| .__|_| |_|_| |_\__, | / / / /
 =========|_|==============|___/=/_/_/_/
 :: Spring Boot ::        (v2.0.3.RELEASE)

2018-09-06 21:45:05.079  WARN 37641 --- [    Test worker] ory$DuplicateJsonObjectContextCustomizer : 

Found multiple occurrences of org.json.JSONObject on the class path:

	jar:file:/Users/Dennis.Nyabuti/.gradle/caches/modules-2/files-2.1/org.json/json/20171018/36ced462c97f0845b4a7b266a25cebe95d18baa3/json-20171018.jar!/org/json/JSONObject.class
	jar:file:/Users/Dennis.Nyabuti/.gradle/caches/modules-2/files-2.1/com.vaadin.external.google/android-json/0.0.20131108.vaadin1/fa26d351fe62a6a17f5cda1287c1c6110dec413f/android-json-0.0.20131108.vaadin1.jar!/org/json/JSONObject.class

You may wish to exclude one of them to ensure predictable runtime behavior

2018-09-06 21:45:05.100  INFO 37641 --- [    Test worker] c.n.d.s.m.c.AuthorControllerTest         : Starting AuthorControllerTest on dennis-mac with PID 37641 (started by Dennis.Nyabuti in /Users/Dennis.Nyabuti/git/springboot-mongodb-rest-api)
2018-09-06 21:45:05.108  INFO 37641 --- [    Test worker] c.n.d.s.m.c.AuthorControllerTest         : No active profile set, falling back to default profiles: default
2018-09-06 21:45:05.146  INFO 37641 --- [    Test worker] o.s.w.c.s.GenericWebApplicationContext   : Refreshing org.springframework.web.context.support.GenericWebApplicationContext@683b3ff6: startup date [Thu Sep 06 21:45:05 CDT 2018]; root of context hierarchy
2018-09-06 21:45:07.420  INFO 37641 --- [    Test worker] o.s.w.s.handler.SimpleUrlHandlerMapping  : Mapped URL path [/**/favicon.ico] onto handler of type [class org.springframework.web.servlet.resource.ResourceHttpRequestHandler]
2018-09-06 21:45:07.950  INFO 37641 --- [    Test worker] s.w.s.m.m.a.RequestMappingHandlerAdapter : Looking for @ControllerAdvice: org.springframework.web.context.support.GenericWebApplicationContext@683b3ff6: startup date [Thu Sep 06 21:45:05 CDT 2018]; root of context hierarchy
2018-09-06 21:45:08.089  INFO 37641 --- [    Test worker] s.w.s.m.m.a.RequestMappingHandlerMapping : Mapped "{[/authors/{id}],methods=[GET]}" onto public com.nyabuti.dennis.springboot.mongodb.model.Author com.nyabuti.dennis.springboot.mongodb.controller.AuthorController.findById(java.lang.String)
2018-09-06 21:45:08.091  INFO 37641 --- [    Test worker] s.w.s.m.m.a.RequestMappingHandlerMapping : Mapped "{[/authors/],methods=[PATCH]}" onto public com.nyabuti.dennis.springboot.mongodb.model.Author com.nyabuti.dennis.springboot.mongodb.controller.AuthorController.patchAuthor(com.nyabuti.dennis.springboot.mongodb.model.Author)
2018-09-06 21:45:08.092  INFO 37641 --- [    Test worker] s.w.s.m.m.a.RequestMappingHandlerMapping : Mapped "{[/authors/],methods=[GET]}" onto java.util.List<com.nyabuti.dennis.springboot.mongodb.model.Author> com.nyabuti.dennis.springboot.mongodb.controller.AuthorController.getAllAuthor()
2018-09-06 21:45:08.094  INFO 37641 --- [    Test worker] s.w.s.m.m.a.RequestMappingHandlerMapping : Mapped "{[/authors/],methods=[POST]}" onto public com.nyabuti.dennis.springboot.mongodb.model.Author com.nyabuti.dennis.springboot.mongodb.controller.AuthorController.addAuthor(com.nyabuti.dennis.springboot.mongodb.model.Author)
2018-09-06 21:45:08.095  INFO 37641 --- [    Test worker] s.w.s.m.m.a.RequestMappingHandlerMapping : Mapped "{[/authors/{id}/books],methods=[GET]}" onto public java.util.List<com.nyabuti.dennis.springboot.mongodb.model.Book> com.nyabuti.dennis.springboot.mongodb.controller.AuthorController.findBooks(java.lang.String)
2018-09-06 21:45:08.095  INFO 37641 --- [    Test worker] s.w.s.m.m.a.RequestMappingHandlerMapping : Mapped "{[/authors/{id}],methods=[DELETE]}" onto public com.mongodb.client.result.DeleteResult com.nyabuti.dennis.springboot.mongodb.controller.AuthorController.deleteCount(java.lang.String)
2018-09-06 21:45:08.101  INFO 37641 --- [    Test worker] s.w.s.m.m.a.RequestMappingHandlerMapping : Mapped "{[/error]}" onto public org.springframework.http.ResponseEntity<java.util.Map<java.lang.String, java.lang.Object>> org.springframework.boot.autoconfigure.web.servlet.error.BasicErrorController.error(javax.servlet.http.HttpServletRequest)
2018-09-06 21:45:08.102  INFO 37641 --- [    Test worker] s.w.s.m.m.a.RequestMappingHandlerMapping : Mapped "{[/error],produces=[text/html]}" onto public org.springframework.web.servlet.ModelAndView org.springframework.boot.autoconfigure.web.servlet.error.BasicErrorController.errorHtml(javax.servlet.http.HttpServletRequest,javax.servlet.http.HttpServletResponse)
2018-09-06 21:45:08.157  INFO 37641 --- [    Test worker] o.s.w.s.handler.SimpleUrlHandlerMapping  : Mapped URL path [/webjars/**] onto handler of type [class org.springframework.web.servlet.resource.ResourceHttpRequestHandler]
2018-09-06 21:45:08.158  INFO 37641 --- [    Test worker] o.s.w.s.handler.SimpleUrlHandlerMapping  : Mapped URL path [/**] onto handler of type [class org.springframework.web.servlet.resource.ResourceHttpRequestHandler]
2018-09-06 21:45:08.478  INFO 37641 --- [    Test worker] o.s.b.t.m.w.SpringBootMockServletContext : Initializing Spring FrameworkServlet ''
2018-09-06 21:45:08.482  INFO 37641 --- [    Test worker] o.s.t.web.servlet.TestDispatcherServlet  : FrameworkServlet '': initialization started
2018-09-06 21:45:08.516  INFO 37641 --- [    Test worker] o.s.t.web.servlet.TestDispatcherServlet  : FrameworkServlet '': initialization completed in 32 ms
2018-09-06 21:45:08.570  INFO 37641 --- [    Test worker] c.n.d.s.m.c.AuthorControllerTest         : Started AuthorControllerTest in 3.849 seconds (JVM running for 5.537)

MockHttpServletRequest:
      HTTP Method = DELETE
      Request URI = /authors/1
       Parameters = {}
          Headers = {Accept=[application/json]}
             Body = <no character encoding set>
    Session Attrs = {}

Handler:
             Type = com.nyabuti.dennis.springboot.mongodb.controller.AuthorController
           Method = public com.mongodb.client.result.DeleteResult com.nyabuti.dennis.springboot.mongodb.controller.AuthorController.deleteCount(java.lang.String)

Async:
    Async started = false
     Async result = null

Resolved Exception:
             Type = null

ModelAndView:
        View name = null
             View = null
            Model = null

FlashMap:
       Attributes = null

MockHttpServletResponse:
           Status = 200
    Error message = null
          Headers = {Content-Type=[application/json;charset=UTF-8]}
     Content type = application/json;charset=UTF-8
             Body = {"deletedCount":1}
    Forwarded URL = null
   Redirected URL = null
          Cookies = []

MockHttpServletRequest:
      HTTP Method = GET
      Request URI = /authors/5b91e635d69d9b9309fedb38/books/
       Parameters = {}
          Headers = {Accept=[application/json]}
             Body = <no character encoding set>
    Session Attrs = {}

Handler:
             Type = com.nyabuti.dennis.springboot.mongodb.controller.AuthorController
           Method = public java.util.List<com.nyabuti.dennis.springboot.mongodb.model.Book> com.nyabuti.dennis.springboot.mongodb.controller.AuthorController.findBooks(java.lang.String)

Async:
    Async started = false
     Async result = null

Resolved Exception:
             Type = null

ModelAndView:
        View name = null
             View = null
            Model = null

FlashMap:
       Attributes = null

MockHttpServletResponse:
           Status = 200
    Error message = null
          Headers = {Content-Type=[application/json;charset=UTF-8]}
     Content type = application/json;charset=UTF-8
             Body = [{"id":"1","publisherId":"5b91e635d69d9b9309fedb3a","title":"Test Book","summary":null,"isbn":null,"language":"English","pages":8}]
    Forwarded URL = null
   Redirected URL = null
          Cookies = []
]]></system-out>
  <system-err><![CDATA[]]></system-err>
</testsuite>
